<?xml version="1.0" encoding="UTF-8"?>
<testng-results skipped="0" failed="2" total="4" passed="2">
  <reporter-output>
  </reporter-output>
  <suite name="Default suite" duration-ms="37773" started-at="2015-06-09T12:21:31Z" finished-at="2015-06-09T12:22:09Z">
    <groups>
    </groups>
    <test name="Default test" duration-ms="37773" started-at="2015-06-09T12:21:31Z" finished-at="2015-06-09T12:22:09Z">
      <class name="Test.test">
        <test-method status="PASS" signature="setUp()[pri:0, instance:Test.test@1f42b49]" name="setUp" is-config="true" duration-ms="25528" started-at="2015-06-09T17:51:31Z" finished-at="2015-06-09T17:51:57Z">
          <reporter-output>
          </reporter-output>
        </test-method> <!-- setUp -->
        <test-method status="PASS" signature="testDataProviderExample(java.lang.String, java.lang.String, java.lang.String, java.lang.String, java.lang.String, java.lang.String, java.lang.String, java.lang.String, java.lang.String, java.lang.String, java.lang.String, java.lang.String, java.lang.String, java.lang.String, java.lang.String, java.lang.String, java.lang.String)[pri:0, instance:Test.test@1f42b49]" name="testDataProviderExample" duration-ms="4344" started-at="2015-06-09T17:51:57Z" data-provider="DP1" finished-at="2015-06-09T17:52:02Z">
          <params>
            <param index="0">
              <value>
                <![CDATA[S.Mahesh ]]>
              </value>
            </param>
            <param index="1">
              <value>
                <![CDATA[Goud ]]>
              </value>
            </param>
            <param index="2">
              <value>
                <![CDATA[9949636222]]>
              </value>
            </param>
            <param index="3">
              <value>
                <![CDATA[mahesh@bartronics.com]]>
              </value>
            </param>
            <param index="4">
              <value>
                <![CDATA[30]]>
              </value>
            </param>
            <param index="5">
              <value>
                <![CDATA[3+]]>
              </value>
            </param>
            <param index="6">
              <value>
                <![CDATA[10 & Above]]>
              </value>
            </param>
            <param index="7">
              <value>
                <![CDATA[Andhra Pradesh]]>
              </value>
            </param>
            <param index="8">
              <value>
                <![CDATA[Hyd]]>
              </value>
            </param>
            <param index="9">
              <value>
                <![CDATA[0]]>
              </value>
            </param>
            <param index="10">
              <value>
                <![CDATA[One Time]]>
              </value>
            </param>
            <param index="11">
              <value>
                <![CDATA[Permanent]]>
              </value>
            </param>
            <param index="12">
              <value>
                <![CDATA[Bartronics India]]>
              </value>
            </param>
            <param index="13">
              <value>
                <![CDATA[Hyd]]>
              </value>
            </param>
            <param index="14">
              <value>
                <![CDATA[Admin]]>
              </value>
            </param>
            <param index="15">
              <value>
                <![CDATA[Admin Bartronics]]>
              </value>
            </param>
            <param index="16">
              <value>
                <![CDATA[BIL]]>
              </value>
            </param>
          </params>
          <reporter-output>
          </reporter-output>
        </test-method> <!-- testDataProviderExample -->
        <test-method status="FAIL" signature="testDataProviderExample(java.lang.String, java.lang.String, java.lang.String, java.lang.String, java.lang.String, java.lang.String, java.lang.String, java.lang.String, java.lang.String, java.lang.String, java.lang.String, java.lang.String, java.lang.String, java.lang.String, java.lang.String, java.lang.String, java.lang.String)[pri:0, instance:Test.test@1f42b49]" name="testDataProviderExample" duration-ms="1090" started-at="2015-06-09T17:52:02Z" data-provider="DP1" finished-at="2015-06-09T17:52:03Z">
          <params>
            <param index="0">
              <value>
                <![CDATA[Suresh Kumar]]>
              </value>
            </param>
            <param index="1">
              <value>
                <![CDATA[Bobba]]>
              </value>
            </param>
            <param index="2">
              <value>
                <![CDATA[9866008999]]>
              </value>
            </param>
            <param index="3">
              <value>
                <![CDATA[sureshb@bartronics.com]]>
              </value>
            </param>
            <param index="4">
              <value>
                <![CDATA[30]]>
              </value>
            </param>
            <param index="5">
              <value>
                <![CDATA[9+]]>
              </value>
            </param>
            <param index="6">
              <value>
                <![CDATA[7 + ]]>
              </value>
            </param>
            <param index="7">
              <value>
                <![CDATA[Andhra Pradesh]]>
              </value>
            </param>
            <param index="8">
              <value>
                <![CDATA[Hyd]]>
              </value>
            </param>
            <param index="9">
              <value>
                <![CDATA[0]]>
              </value>
            </param>
            <param index="10">
              <value>
                <![CDATA[One Time]]>
              </value>
            </param>
            <param index="11">
              <value>
                <![CDATA[Permanent]]>
              </value>
            </param>
            <param index="12">
              <value>
                <![CDATA[Bartronics India]]>
              </value>
            </param>
            <param index="13">
              <value>
                <![CDATA[Hyd]]>
              </value>
            </param>
            <param index="14">
              <value>
                <![CDATA[Corporate]]>
              </value>
            </param>
            <param index="15">
              <value>
                <![CDATA[Admin Bartronics]]>
              </value>
            </param>
            <param index="16">
              <value>
                <![CDATA[BIL]]>
              </value>
            </param>
          </params>
          <exception class="org.openqa.selenium.NoSuchElementException">
            <message>
              <![CDATA[Cannot locate element with text: 7 + 
For documentation on this error, please visit: http://seleniumhq.org/exceptions/no_such_element.html
Build info: version: '2.44.0', revision: '76d78cf', time: '2014-10-23 20:03:00'
System info: host: 'Harinath-PC', ip: '192.168.1.80', os.name: 'Windows 7', os.arch: 'x86', os.version: '6.1', java.version: '1.6.0_23'
Driver info: driver.version: unknown]]>
            </message>
            <full-stacktrace>
              <![CDATA[org.openqa.selenium.NoSuchElementException: Cannot locate element with text: 7 + 
For documentation on this error, please visit: http://seleniumhq.org/exceptions/no_such_element.html
Build info: version: '2.44.0', revision: '76d78cf', time: '2014-10-23 20:03:00'
System info: host: 'Harinath-PC', ip: '192.168.1.80', os.name: 'Windows 7', os.arch: 'x86', os.version: '6.1', java.version: '1.6.0_23'
Driver info: driver.version: unknown
	at org.openqa.selenium.support.ui.Select.selectByVisibleText(Select.java:147)
	at Test.test.testDataProviderExample(test.java:96)
	at sun.reflect.NativeMethodAccessorImpl.invoke0(Native Method)
	at sun.reflect.NativeMethodAccessorImpl.invoke(Unknown Source)
	at sun.reflect.DelegatingMethodAccessorImpl.invoke(Unknown Source)
	at java.lang.reflect.Method.invoke(Unknown Source)
	at org.testng.internal.MethodInvocationHelper.invokeMethod(MethodInvocationHelper.java:84)
	at org.testng.internal.Invoker.invokeMethod(Invoker.java:714)
	at org.testng.internal.Invoker.invokeTestMethod(Invoker.java:901)
	at org.testng.internal.Invoker.invokeTestMethods(Invoker.java:1231)
	at org.testng.internal.TestMethodWorker.invokeTestMethods(TestMethodWorker.java:127)
	at org.testng.internal.TestMethodWorker.run(TestMethodWorker.java:111)
	at org.testng.TestRunner.privateRun(TestRunner.java:767)
	at org.testng.TestRunner.run(TestRunner.java:617)
	at org.testng.SuiteRunner.runTest(SuiteRunner.java:334)
	at org.testng.SuiteRunner.runSequentially(SuiteRunner.java:329)
	at org.testng.SuiteRunner.privateRun(SuiteRunner.java:291)
	at org.testng.SuiteRunner.run(SuiteRunner.java:240)
	at org.testng.SuiteRunnerWorker.runSuite(SuiteRunnerWorker.java:52)
	at org.testng.SuiteRunnerWorker.run(SuiteRunnerWorker.java:86)
	at org.testng.TestNG.runSuitesSequentially(TestNG.java:1224)
	at org.testng.TestNG.runSuitesLocally(TestNG.java:1149)
	at org.testng.TestNG.run(TestNG.java:1057)
	at org.testng.remote.RemoteTestNG.run(RemoteTestNG.java:111)
	at org.testng.remote.RemoteTestNG.initAndRun(RemoteTestNG.java:204)
	at org.testng.remote.RemoteTestNG.main(RemoteTestNG.java:175)
]]>
            </full-stacktrace>
          </exception> <!-- org.openqa.selenium.NoSuchElementException -->
          <reporter-output>
          </reporter-output>
        </test-method> <!-- testDataProviderExample -->
        <test-method status="PASS" signature="testDataProviderExample(java.lang.String, java.lang.String, java.lang.String, java.lang.String, java.lang.String, java.lang.String, java.lang.String, java.lang.String, java.lang.String, java.lang.String, java.lang.String, java.lang.String, java.lang.String, java.lang.String, java.lang.String, java.lang.String, java.lang.String)[pri:0, instance:Test.test@1f42b49]" name="testDataProviderExample" duration-ms="4937" started-at="2015-06-09T17:52:03Z" data-provider="DP1" finished-at="2015-06-09T17:52:08Z">
          <params>
            <param index="0">
              <value>
                <![CDATA[Prashant]]>
              </value>
            </param>
            <param index="1">
              <value>
                <![CDATA[ Deshpande]]>
              </value>
            </param>
            <param index="2">
              <value>
                <![CDATA[9885020960]]>
              </value>
            </param>
            <param index="3">
              <value>
                <![CDATA[dprashant@bartronics.com]]>
              </value>
            </param>
            <param index="4">
              <value>
                <![CDATA[30]]>
              </value>
            </param>
            <param index="5">
              <value>
                <![CDATA[4+]]>
              </value>
            </param>
            <param index="6">
              <value>
                <![CDATA[5+]]>
              </value>
            </param>
            <param index="7">
              <value>
                <![CDATA[Andhra Pradesh]]>
              </value>
            </param>
            <param index="8">
              <value>
                <![CDATA[Hyd]]>
              </value>
            </param>
            <param index="9">
              <value>
                <![CDATA[0]]>
              </value>
            </param>
            <param index="10">
              <value>
                <![CDATA[One Time]]>
              </value>
            </param>
            <param index="11">
              <value>
                <![CDATA[Permanent]]>
              </value>
            </param>
            <param index="12">
              <value>
                <![CDATA[Bartronics India]]>
              </value>
            </param>
            <param index="13">
              <value>
                <![CDATA[Hyd]]>
              </value>
            </param>
            <param index="14">
              <value>
                <![CDATA[Corporate]]>
              </value>
            </param>
            <param index="15">
              <value>
                <![CDATA[Admin Bartronics]]>
              </value>
            </param>
            <param index="16">
              <value>
                <![CDATA[BIL]]>
              </value>
            </param>
          </params>
          <reporter-output>
          </reporter-output>
        </test-method> <!-- testDataProviderExample -->
        <test-method status="FAIL" signature="testDataProviderExample(java.lang.String, java.lang.String, java.lang.String, java.lang.String, java.lang.String, java.lang.String, java.lang.String, java.lang.String, java.lang.String, java.lang.String, java.lang.String, java.lang.String, java.lang.String, java.lang.String, java.lang.String, java.lang.String, java.lang.String)[pri:0, instance:Test.test@1f42b49]" name="testDataProviderExample" duration-ms="1338" started-at="2015-06-09T17:52:08Z" data-provider="DP1" finished-at="2015-06-09T17:52:09Z">
          <params>
            <param index="0">
              <value>
                <![CDATA[B. Naveen Kumar ]]>
              </value>
            </param>
            <param index="1">
              <value>
                <![CDATA[Reddy]]>
              </value>
            </param>
            <param index="2">
              <value>
                <![CDATA[9346595994]]>
              </value>
            </param>
            <param index="3">
              <value>
                <![CDATA[bnaveen@bartronics.com]]>
              </value>
            </param>
            <param index="4">
              <value>
                <![CDATA[30]]>
              </value>
            </param>
            <param index="5">
              <value>
                <![CDATA[1+]]>
              </value>
            </param>
            <param index="6">
              <value>
                <![CDATA[5+]]>
              </value>
            </param>
            <param index="7">
              <value>
                <![CDATA[Andhra Pradesh]]>
              </value>
            </param>
            <param index="8">
              <value>
                <![CDATA[Hyd]]>
              </value>
            </param>
            <param index="9">
              <value>
                <![CDATA[0]]>
              </value>
            </param>
            <param index="10">
              <value>
                <![CDATA[One Time]]>
              </value>
            </param>
            <param index="11">
              <value>
                <![CDATA[Permanent]]>
              </value>
            </param>
            <param index="12">
              <value>
                <![CDATA[Bartronics India]]>
              </value>
            </param>
            <param index="13">
              <value>
                <![CDATA[Hyd]]>
              </value>
            </param>
            <param index="14">
              <value>
                <![CDATA[Corporate]]>
              </value>
            </param>
            <param index="15">
              <value>
                <![CDATA[Admin Bartronics]]>
              </value>
            </param>
            <param index="16">
              <value>
                <![CDATA[BIL]]>
              </value>
            </param>
          </params>
          <exception class="org.openqa.selenium.NoSuchElementException">
            <message>
              <![CDATA[no such element
  (Session info: chrome=43.0.2357.81)
  (Driver info: chromedriver=2.9.248315,platform=Windows NT 6.1 SP1 x86) (WARNING: The server did not provide any stacktrace information)
Command duration or timeout: 11 milliseconds
For documentation on this error, please visit: http://seleniumhq.org/exceptions/no_such_element.html
Build info: version: '2.44.0', revision: '76d78cf', time: '2014-10-23 20:03:00'
System info: host: 'Harinath-PC', ip: '192.168.1.80', os.name: 'Windows 7', os.arch: 'x86', os.version: '6.1', java.version: '1.6.0_23'
Session ID: 6e4922a73e1d1db9317d17c823fe6e00
Driver info: org.openqa.selenium.chrome.ChromeDriver
Capabilities [{platform=XP, acceptSslCerts=true, javascriptEnabled=true, browserName=chrome, chrome={userDataDir=C:\Users\HARINA~1.SAL\AppData\Local\Temp\scoped_dir5564_30658}, rotatable=false, locationContextEnabled=true, version=43.0.2357.81, takesHeapSnapshot=true, cssSelectorsEnabled=true, databaseEnabled=false, handlesAlerts=true, browserConnectionEnabled=false, webStorageEnabled=true, nativeEvents=true, applicationCacheEnabled=false, takesScreenshot=true}]]]>
            </message>
            <full-stacktrace>
              <![CDATA[org.openqa.selenium.NoSuchElementException: no such element
  (Session info: chrome=43.0.2357.81)
  (Driver info: chromedriver=2.9.248315,platform=Windows NT 6.1 SP1 x86) (WARNING: The server did not provide any stacktrace information)
Command duration or timeout: 11 milliseconds
For documentation on this error, please visit: http://seleniumhq.org/exceptions/no_such_element.html
Build info: version: '2.44.0', revision: '76d78cf', time: '2014-10-23 20:03:00'
System info: host: 'Harinath-PC', ip: '192.168.1.80', os.name: 'Windows 7', os.arch: 'x86', os.version: '6.1', java.version: '1.6.0_23'
Session ID: 6e4922a73e1d1db9317d17c823fe6e00
Driver info: org.openqa.selenium.chrome.ChromeDriver
Capabilities [{platform=XP, acceptSslCerts=true, javascriptEnabled=true, browserName=chrome, chrome={userDataDir=C:\Users\HARINA~1.SAL\AppData\Local\Temp\scoped_dir5564_30658}, rotatable=false, locationContextEnabled=true, version=43.0.2357.81, takesHeapSnapshot=true, cssSelectorsEnabled=true, databaseEnabled=false, handlesAlerts=true, browserConnectionEnabled=false, webStorageEnabled=true, nativeEvents=true, applicationCacheEnabled=false, takesScreenshot=true}]
	at sun.reflect.NativeConstructorAccessorImpl.newInstance0(Native Method)
	at sun.reflect.NativeConstructorAccessorImpl.newInstance(Unknown Source)
	at sun.reflect.DelegatingConstructorAccessorImpl.newInstance(Unknown Source)
	at java.lang.reflect.Constructor.newInstance(Unknown Source)
	at org.openqa.selenium.remote.ErrorHandler.createThrowable(ErrorHandler.java:204)
	at org.openqa.selenium.remote.ErrorHandler.throwIfResponseFailed(ErrorHandler.java:156)
	at org.openqa.selenium.remote.RemoteWebDriver.execute(RemoteWebDriver.java:599)
	at org.openqa.selenium.remote.RemoteWebDriver.findElement(RemoteWebDriver.java:352)
	at org.openqa.selenium.remote.RemoteWebDriver.findElementById(RemoteWebDriver.java:393)
	at org.openqa.selenium.By$ById.findElement(By.java:214)
	at org.openqa.selenium.remote.RemoteWebDriver.findElement(RemoteWebDriver.java:344)
	at Test.test.testDataProviderExample(test.java:94)
	at sun.reflect.NativeMethodAccessorImpl.invoke0(Native Method)
	at sun.reflect.NativeMethodAccessorImpl.invoke(Unknown Source)
	at sun.reflect.DelegatingMethodAccessorImpl.invoke(Unknown Source)
	at java.lang.reflect.Method.invoke(Unknown Source)
	at org.testng.internal.MethodInvocationHelper.invokeMethod(MethodInvocationHelper.java:84)
	at org.testng.internal.Invoker.invokeMethod(Invoker.java:714)
	at org.testng.internal.Invoker.invokeTestMethod(Invoker.java:901)
	at org.testng.internal.Invoker.invokeTestMethods(Invoker.java:1231)
	at org.testng.internal.TestMethodWorker.invokeTestMethods(TestMethodWorker.java:127)
	at org.testng.internal.TestMethodWorker.run(TestMethodWorker.java:111)
	at org.testng.TestRunner.privateRun(TestRunner.java:767)
	at org.testng.TestRunner.run(TestRunner.java:617)
	at org.testng.SuiteRunner.runTest(SuiteRunner.java:334)
	at org.testng.SuiteRunner.runSequentially(SuiteRunner.java:329)
	at org.testng.SuiteRunner.privateRun(SuiteRunner.java:291)
	at org.testng.SuiteRunner.run(SuiteRunner.java:240)
	at org.testng.SuiteRunnerWorker.runSuite(SuiteRunnerWorker.java:52)
	at org.testng.SuiteRunnerWorker.run(SuiteRunnerWorker.java:86)
	at org.testng.TestNG.runSuitesSequentially(TestNG.java:1224)
	at org.testng.TestNG.runSuitesLocally(TestNG.java:1149)
	at org.testng.TestNG.run(TestNG.java:1057)
	at org.testng.remote.RemoteTestNG.run(RemoteTestNG.java:111)
	at org.testng.remote.RemoteTestNG.initAndRun(RemoteTestNG.java:204)
	at org.testng.remote.RemoteTestNG.main(RemoteTestNG.java:175)
]]>
            </full-stacktrace>
          </exception> <!-- org.openqa.selenium.NoSuchElementException -->
          <reporter-output>
          </reporter-output>
        </test-method> <!-- testDataProviderExample -->
        <test-method status="PASS" signature="tearDown()[pri:0, instance:Test.test@1f42b49]" name="tearDown" is-config="true" duration-ms="1" started-at="2015-06-09T17:52:09Z" finished-at="2015-06-09T17:52:09Z">
          <reporter-output>
          </reporter-output>
        </test-method> <!-- tearDown -->
      </class> <!-- Test.test -->
    </test> <!-- Default test -->
  </suite> <!-- Default suite -->
</testng-results>
